  [1m[35m (32.6ms)[0m  [1m[35mCREATE TABLE "schema_migrations" ("version" character varying NOT NULL PRIMARY KEY)[0m
  [1m[35m (4.6ms)[0m  [1m[35mCREATE TABLE "ar_internal_metadata" ("key" character varying NOT NULL PRIMARY KEY, "value" character varying, "created_at" timestamp NOT NULL, "updated_at" timestamp NOT NULL)[0m
  [1m[35m (0.3ms)[0m  [1m[34mSELECT pg_try_advisory_lock(7707985007465768025)[0m
  [1m[35m (1.0ms)[0m  [1m[34mSELECT "schema_migrations"."version" FROM "schema_migrations" ORDER BY "schema_migrations"."version" ASC[0m
Migrating to CreateUsers (20190124232325)
  [1m[35m (0.2ms)[0m  [1m[35mBEGIN[0m
  [1m[35m (5.6ms)[0m  [1m[35mCREATE TABLE "users" ("id" bigserial primary key, "username" character varying NOT NULL, "created_at" timestamp NOT NULL, "updated_at" timestamp NOT NULL)[0m
  [1m[35mSQL (1.0ms)[0m  [1m[32mINSERT INTO "schema_migrations" ("version") VALUES ($1) RETURNING "version"[0m  [["version", "20190124232325"]]
  [1m[35m (0.7ms)[0m  [1m[35mCOMMIT[0m
  [1m[36mActiveRecord::InternalMetadata Load (0.5ms)[0m  [1m[34mSELECT  "ar_internal_metadata".* FROM "ar_internal_metadata" WHERE "ar_internal_metadata"."key" = $1 LIMIT $2[0m  [["key", "environment"], ["LIMIT", 1]]
  [1m[35m (0.4ms)[0m  [1m[35mBEGIN[0m
  [1m[35mSQL (1.5ms)[0m  [1m[32mINSERT INTO "ar_internal_metadata" ("key", "value", "created_at", "updated_at") VALUES ($1, $2, $3, $4) RETURNING "key"[0m  [["key", "environment"], ["value", "development"], ["created_at", "2019-01-24 23:24:37.387415"], ["updated_at", "2019-01-24 23:24:37.387415"]]
  [1m[35m (0.5ms)[0m  [1m[35mCOMMIT[0m
  [1m[35m (0.3ms)[0m  [1m[34mSELECT pg_advisory_unlock(7707985007465768025)[0m
  [1m[35m (0.4ms)[0m  [1m[34mSELECT "schema_migrations"."version" FROM "schema_migrations" ORDER BY "schema_migrations"."version" ASC[0m
  [1m[35m (1.3ms)[0m  [1m[34mSELECT "schema_migrations"."version" FROM "schema_migrations" ORDER BY "schema_migrations"."version" ASC[0m
  [1m[35m (1.2ms)[0m  [1m[34mSELECT "schema_migrations"."version" FROM "schema_migrations" ORDER BY "schema_migrations"."version" ASC[0m
  [1m[35m (1.0ms)[0m  [1m[34mSELECT "schema_migrations"."version" FROM "schema_migrations" ORDER BY "schema_migrations"."version" ASC[0m
  [1m[35m (0.3ms)[0m  [1m[34mSELECT pg_try_advisory_lock(7707985007465768025)[0m
  [1m[35m (1.3ms)[0m  [1m[34mSELECT "schema_migrations"."version" FROM "schema_migrations" ORDER BY "schema_migrations"."version" ASC[0m
Migrating to CreatePolls (20190124232613)
  [1m[35m (0.3ms)[0m  [1m[35mBEGIN[0m
  [1m[35m (22.9ms)[0m  [1m[35mCREATE TABLE "polls" ("id" bigserial primary key, "title" character varying NOT NULL, "user_id" integer NOT NULL, "created_at" timestamp NOT NULL, "updated_at" timestamp NOT NULL)[0m
  [1m[35mSQL (0.7ms)[0m  [1m[32mINSERT INTO "schema_migrations" ("version") VALUES ($1) RETURNING "version"[0m  [["version", "20190124232613"]]
  [1m[35m (1.4ms)[0m  [1m[35mCOMMIT[0m
  [1m[36mActiveRecord::InternalMetadata Load (0.6ms)[0m  [1m[34mSELECT  "ar_internal_metadata".* FROM "ar_internal_metadata" WHERE "ar_internal_metadata"."key" = $1 LIMIT $2[0m  [["key", "environment"], ["LIMIT", 1]]
  [1m[35m (0.3ms)[0m  [1m[35mBEGIN[0m
  [1m[35m (0.4ms)[0m  [1m[35mCOMMIT[0m
  [1m[35m (2.0ms)[0m  [1m[34mSELECT pg_advisory_unlock(7707985007465768025)[0m
  [1m[35m (0.4ms)[0m  [1m[34mSELECT "schema_migrations"."version" FROM "schema_migrations" ORDER BY "schema_migrations"."version" ASC[0m
  [1m[35m (0.4ms)[0m  [1m[34mSELECT pg_try_advisory_lock(7707985007465768025)[0m
  [1m[35m (1.2ms)[0m  [1m[34mSELECT "schema_migrations"."version" FROM "schema_migrations" ORDER BY "schema_migrations"."version" ASC[0m
Migrating to CreateQuestions (20190124232832)
  [1m[35m (0.3ms)[0m  [1m[35mBEGIN[0m
  [1m[35m (7.2ms)[0m  [1m[35mCREATE TABLE "questions" ("id" bigserial primary key, "text" character varying NOT NULL, "poll_id" integer NOT NULL, "created_at" timestamp NOT NULL, "updated_at" timestamp NOT NULL)[0m
  [1m[35m (1.3ms)[0m  [1m[35mCREATE  INDEX  "index_questions_on_poll_id" ON "questions"  ("poll_id")[0m
  [1m[35mSQL (0.6ms)[0m  [1m[32mINSERT INTO "schema_migrations" ("version") VALUES ($1) RETURNING "version"[0m  [["version", "20190124232832"]]
  [1m[35m (1.4ms)[0m  [1m[35mCOMMIT[0m
  [1m[36mActiveRecord::InternalMetadata Load (0.6ms)[0m  [1m[34mSELECT  "ar_internal_metadata".* FROM "ar_internal_metadata" WHERE "ar_internal_metadata"."key" = $1 LIMIT $2[0m  [["key", "environment"], ["LIMIT", 1]]
  [1m[35m (1.4ms)[0m  [1m[35mBEGIN[0m
  [1m[35m (0.2ms)[0m  [1m[35mCOMMIT[0m
  [1m[35m (0.4ms)[0m  [1m[34mSELECT pg_advisory_unlock(7707985007465768025)[0m
  [1m[35m (0.4ms)[0m  [1m[34mSELECT "schema_migrations"."version" FROM "schema_migrations" ORDER BY "schema_migrations"."version" ASC[0m
  [1m[35m (1.2ms)[0m  [1m[34mSELECT "schema_migrations"."version" FROM "schema_migrations" ORDER BY "schema_migrations"."version" ASC[0m
  [1m[35m (0.4ms)[0m  [1m[34mSELECT pg_try_advisory_lock(7707985007465768025)[0m
  [1m[35m (1.1ms)[0m  [1m[34mSELECT "schema_migrations"."version" FROM "schema_migrations" ORDER BY "schema_migrations"."version" ASC[0m
Migrating to CreateAnswerChoices (20190124233138)
  [1m[35m (0.3ms)[0m  [1m[35mBEGIN[0m
  [1m[35m (54.9ms)[0m  [1m[35mCREATE TABLE "answer_choices" ("id" bigserial primary key, "text" character varying NOT NULL, "question_id" integer, "created_at" timestamp NOT NULL, "updated_at" timestamp NOT NULL)[0m
  [1m[35m (1.3ms)[0m  [1m[35mCREATE  INDEX  "index_answer_choices_on_question_id" ON "answer_choices"  ("question_id")[0m
  [1m[35mSQL (0.9ms)[0m  [1m[32mINSERT INTO "schema_migrations" ("version") VALUES ($1) RETURNING "version"[0m  [["version", "20190124233138"]]
  [1m[35m (1.6ms)[0m  [1m[35mCOMMIT[0m
  [1m[36mActiveRecord::InternalMetadata Load (1.0ms)[0m  [1m[34mSELECT  "ar_internal_metadata".* FROM "ar_internal_metadata" WHERE "ar_internal_metadata"."key" = $1 LIMIT $2[0m  [["key", "environment"], ["LIMIT", 1]]
  [1m[35m (0.3ms)[0m  [1m[35mBEGIN[0m
  [1m[35m (0.2ms)[0m  [1m[35mCOMMIT[0m
  [1m[35m (0.4ms)[0m  [1m[34mSELECT pg_advisory_unlock(7707985007465768025)[0m
  [1m[35m (0.8ms)[0m  [1m[34mSELECT "schema_migrations"."version" FROM "schema_migrations" ORDER BY "schema_migrations"."version" ASC[0m
  [1m[35m (0.3ms)[0m  [1m[34mSELECT pg_try_advisory_lock(7707985007465768025)[0m
  [1m[35m (1.1ms)[0m  [1m[34mSELECT "schema_migrations"."version" FROM "schema_migrations" ORDER BY "schema_migrations"."version" ASC[0m
Migrating to CreateResponses (20190125000423)
  [1m[35m (0.2ms)[0m  [1m[35mBEGIN[0m
  [1m[35m (5.5ms)[0m  [1m[35mCREATE TABLE "responses" ("id" bigserial primary key, "user_id" integer NOT NULL, "answer_choice_id" integer NOT NULL, "created_at" timestamp NOT NULL, "updated_at" timestamp NOT NULL)[0m
  [1m[35m (1.3ms)[0m  [1m[35mCREATE  INDEX  "index_responses_on_user_id" ON "responses"  ("user_id")[0m
  [1m[35m (1.3ms)[0m  [1m[35mCREATE  INDEX  "index_responses_on_answer_choice_id" ON "responses"  ("answer_choice_id")[0m
  [1m[35mSQL (0.9ms)[0m  [1m[32mINSERT INTO "schema_migrations" ("version") VALUES ($1) RETURNING "version"[0m  [["version", "20190125000423"]]
  [1m[35m (0.8ms)[0m  [1m[35mCOMMIT[0m
  [1m[36mActiveRecord::InternalMetadata Load (1.1ms)[0m  [1m[34mSELECT  "ar_internal_metadata".* FROM "ar_internal_metadata" WHERE "ar_internal_metadata"."key" = $1 LIMIT $2[0m  [["key", "environment"], ["LIMIT", 1]]
  [1m[35m (0.2ms)[0m  [1m[35mBEGIN[0m
  [1m[35m (0.2ms)[0m  [1m[35mCOMMIT[0m
  [1m[35m (0.3ms)[0m  [1m[34mSELECT pg_advisory_unlock(7707985007465768025)[0m
  [1m[35m (1.6ms)[0m  [1m[34mSELECT "schema_migrations"."version" FROM "schema_migrations" ORDER BY "schema_migrations"."version" ASC[0m
  [1m[35m (1.2ms)[0m  [1m[34mSELECT "schema_migrations"."version" FROM "schema_migrations" ORDER BY "schema_migrations"."version" ASC[0m
  [1m[35m (0.3ms)[0m  [1m[35mBEGIN[0m
  [1m[36mUser Exists (16.2ms)[0m  [1m[34mSELECT  1 AS one FROM "users" WHERE "users"."username" = $1 LIMIT $2[0m  [["username", "username"], ["LIMIT", 1]]
  [1m[35mSQL (1.0ms)[0m  [1m[32mINSERT INTO "users" ("username", "created_at", "updated_at") VALUES ($1, $2, $3) RETURNING "id"[0m  [["username", "username"], ["created_at", "2019-01-25 00:10:54.921211"], ["updated_at", "2019-01-25 00:10:54.921211"]]
  [1m[35m (0.6ms)[0m  [1m[35mCOMMIT[0m
  [1m[35m (0.3ms)[0m  [1m[35mBEGIN[0m
  [1m[36mUser Load (0.5ms)[0m  [1m[34mSELECT  "users".* FROM "users" WHERE "users"."id" = $1 LIMIT $2[0m  [["id", 1], ["LIMIT", 1]]
  [1m[35mSQL (19.3ms)[0m  [1m[32mINSERT INTO "polls" ("title", "user_id", "created_at", "updated_at") VALUES ($1, $2, $3, $4) RETURNING "id"[0m  [["title", "I'm a Poll"], ["user_id", 1], ["created_at", "2019-01-25 00:11:36.912195"], ["updated_at", "2019-01-25 00:11:36.912195"]]
  [1m[35m (0.8ms)[0m  [1m[35mCOMMIT[0m
  [1m[36mResponse Load (27.3ms)[0m  [1m[34mSELECT "responses".* FROM "responses" WHERE "responses"."user_id" = $1[0m  [["user_id", 1]]
  [1m[36mPoll Load (0.4ms)[0m  [1m[34mSELECT "polls".* FROM "polls" WHERE "polls"."user_id" = $1[0m  [["user_id", 1]]
  [1m[35m (0.3ms)[0m  [1m[35mBEGIN[0m
  [1m[36mPoll Load (0.5ms)[0m  [1m[34mSELECT  "polls".* FROM "polls" WHERE "polls"."id" = $1 LIMIT $2[0m  [["id", 1], ["LIMIT", 1]]
  [1m[35mSQL (28.9ms)[0m  [1m[32mINSERT INTO "questions" ("text", "poll_id", "created_at", "updated_at") VALUES ($1, $2, $3, $4) RETURNING "id"[0m  [["text", "why?"], ["poll_id", 1], ["created_at", "2019-01-25 00:14:42.566544"], ["updated_at", "2019-01-25 00:14:42.566544"]]
  [1m[35m (0.6ms)[0m  [1m[35mCOMMIT[0m
  [1m[36mPoll Load (0.4ms)[0m  [1m[34mSELECT  "polls".* FROM "polls" ORDER BY "polls"."id" ASC LIMIT $1[0m  [["LIMIT", 1]]
  [1m[36mQuestion Load (0.5ms)[0m  [1m[34mSELECT "questions".* FROM "questions" WHERE "questions"."poll_id" = $1[0m  [["poll_id", 1]]
  [1m[36mQuestion Load (0.4ms)[0m  [1m[34mSELECT  "questions".* FROM "questions" ORDER BY "questions"."id" ASC LIMIT $1[0m  [["LIMIT", 1]]
  [1m[36mQuestion Load (0.5ms)[0m  [1m[34mSELECT  "questions".* FROM "questions" ORDER BY "questions"."id" ASC LIMIT $1[0m  [["LIMIT", 1]]
  [1m[35m (0.2ms)[0m  [1m[35mBEGIN[0m
  [1m[36mQuestion Load (0.4ms)[0m  [1m[34mSELECT  "questions".* FROM "questions" WHERE "questions"."id" = $1 LIMIT $2[0m  [["id", 1], ["LIMIT", 1]]
  [1m[35mSQL (25.9ms)[0m  [1m[32mINSERT INTO "answer_choices" ("text", "question_id", "created_at", "updated_at") VALUES ($1, $2, $3, $4) RETURNING "id"[0m  [["text", "blerrrrrg"], ["question_id", 1], ["created_at", "2019-01-25 00:22:35.491879"], ["updated_at", "2019-01-25 00:22:35.491879"]]
  [1m[35m (0.5ms)[0m  [1m[35mCOMMIT[0m
  [1m[36mUser Load (0.4ms)[0m  [1m[34mSELECT  "users".* FROM "users" ORDER BY "users"."id" ASC LIMIT $1[0m  [["LIMIT", 1]]
  [1m[35m (0.3ms)[0m  [1m[35mBEGIN[0m
  [1m[36mUser Load (0.5ms)[0m  [1m[34mSELECT  "users".* FROM "users" WHERE "users"."id" = $1 LIMIT $2[0m  [["id", 1], ["LIMIT", 1]]
  [1m[36mAnswerChoice Load (0.6ms)[0m  [1m[34mSELECT  "answer_choices".* FROM "answer_choices" WHERE "answer_choices"."id" = $1 LIMIT $2[0m  [["id", 1], ["LIMIT", 1]]
  [1m[35mSQL (1.2ms)[0m  [1m[32mINSERT INTO "responses" ("user_id", "answer_choice_id", "created_at", "updated_at") VALUES ($1, $2, $3, $4) RETURNING "id"[0m  [["user_id", 1], ["answer_choice_id", 1], ["created_at", "2019-01-25 00:23:16.637615"], ["updated_at", "2019-01-25 00:23:16.637615"]]
  [1m[35m (0.5ms)[0m  [1m[35mCOMMIT[0m
  [1m[36mResponse Load (0.5ms)[0m  [1m[34mSELECT "responses".* FROM "responses" WHERE "responses"."answer_choice_id" = $1[0m  [["answer_choice_id", 1]]
  [1m[36mAnswerChoice Load (0.4ms)[0m  [1m[34mSELECT "answer_choices".* FROM "answer_choices" WHERE "answer_choices"."question_id" = $1[0m  [["question_id", 1]]
  [1m[36mPoll Load (0.4ms)[0m  [1m[34mSELECT  "polls".* FROM "polls" WHERE "polls"."id" = $1 LIMIT $2[0m  [["id", 1], ["LIMIT", 1]]
  [1m[36mUser Load (0.9ms)[0m  [1m[34mSELECT "users".* FROM "users"[0m
  [1m[35m (24.0ms)[0m  [1m[34mSELECT "schema_migrations"."version" FROM "schema_migrations" ORDER BY "schema_migrations"."version" ASC[0m
  [1m[35m (0.4ms)[0m  [1m[35mBEGIN[0m
  [1m[36mUser Load (0.8ms)[0m  [1m[34mSELECT "users".* FROM "users"[0m
  [1m[35mSQL (0.9ms)[0m  [1m[31mDELETE FROM "users" WHERE "users"."id" = $1[0m  [["id", 1]]
  [1m[36mUser Exists (1.0ms)[0m  [1m[34mSELECT  1 AS one FROM "users" WHERE "users"."username" = $1 LIMIT $2[0m  [["username", "Hong1000"], ["LIMIT", 1]]
  [1m[35mSQL (0.8ms)[0m  [1m[32mINSERT INTO "users" ("username", "created_at", "updated_at") VALUES ($1, $2, $3) RETURNING "id"[0m  [["username", "Hong1000"], ["created_at", "2019-01-25 00:43:58.531840"], ["updated_at", "2019-01-25 00:43:58.531840"]]
  [1m[36mUser Exists (0.4ms)[0m  [1m[34mSELECT  1 AS one FROM "users" WHERE "users"."username" = $1 LIMIT $2[0m  [["username", "Marianna"], ["LIMIT", 1]]
  [1m[35mSQL (0.5ms)[0m  [1m[32mINSERT INTO "users" ("username", "created_at", "updated_at") VALUES ($1, $2, $3) RETURNING "id"[0m  [["username", "Marianna"], ["created_at", "2019-01-25 00:43:58.535773"], ["updated_at", "2019-01-25 00:43:58.535773"]]
  [1m[36mUser Exists (0.4ms)[0m  [1m[34mSELECT  1 AS one FROM "users" WHERE "users"."username" = $1 LIMIT $2[0m  [["username", "I'm User 1"], ["LIMIT", 1]]
  [1m[35mSQL (0.4ms)[0m  [1m[32mINSERT INTO "users" ("username", "created_at", "updated_at") VALUES ($1, $2, $3) RETURNING "id"[0m  [["username", "I'm User 1"], ["created_at", "2019-01-25 00:43:58.538804"], ["updated_at", "2019-01-25 00:43:58.538804"]]
  [1m[36mPoll Load (0.7ms)[0m  [1m[34mSELECT "polls".* FROM "polls"[0m
  [1m[35mSQL (0.7ms)[0m  [1m[31mDELETE FROM "polls" WHERE "polls"."id" = $1[0m  [["id", 1]]
  [1m[36mUser Load (0.4ms)[0m  [1m[34mSELECT  "users".* FROM "users" WHERE "users"."id" = $1 LIMIT $2[0m  [["id", 2], ["LIMIT", 1]]
  [1m[35mSQL (0.7ms)[0m  [1m[32mINSERT INTO "polls" ("title", "user_id", "created_at", "updated_at") VALUES ($1, $2, $3, $4) RETURNING "id"[0m  [["title", " title1"], ["user_id", 2], ["created_at", "2019-01-25 00:43:58.635594"], ["updated_at", "2019-01-25 00:43:58.635594"]]
  [1m[36mUser Load (0.4ms)[0m  [1m[34mSELECT  "users".* FROM "users" WHERE "users"."id" = $1 LIMIT $2[0m  [["id", 3], ["LIMIT", 1]]
  [1m[35mSQL (0.4ms)[0m  [1m[32mINSERT INTO "polls" ("title", "user_id", "created_at", "updated_at") VALUES ($1, $2, $3, $4) RETURNING "id"[0m  [["title", " What's good?"], ["user_id", 3], ["created_at", "2019-01-25 00:43:58.639066"], ["updated_at", "2019-01-25 00:43:58.639066"]]
  [1m[35m (0.3ms)[0m  [1m[31mROLLBACK[0m
  [1m[35m (1.2ms)[0m  [1m[34mSELECT "schema_migrations"."version" FROM "schema_migrations" ORDER BY "schema_migrations"."version" ASC[0m
  [1m[35m (0.3ms)[0m  [1m[35mBEGIN[0m
  [1m[36mUser Load (0.8ms)[0m  [1m[34mSELECT "users".* FROM "users"[0m
  [1m[35mSQL (0.8ms)[0m  [1m[31mDELETE FROM "users" WHERE "users"."id" = $1[0m  [["id", 1]]
  [1m[36mUser Exists (0.8ms)[0m  [1m[34mSELECT  1 AS one FROM "users" WHERE "users"."username" = $1 LIMIT $2[0m  [["username", "Hong1000"], ["LIMIT", 1]]
  [1m[35mSQL (0.7ms)[0m  [1m[32mINSERT INTO "users" ("username", "created_at", "updated_at") VALUES ($1, $2, $3) RETURNING "id"[0m  [["username", "Hong1000"], ["created_at", "2019-01-25 00:44:43.512878"], ["updated_at", "2019-01-25 00:44:43.512878"]]
  [1m[36mUser Exists (0.4ms)[0m  [1m[34mSELECT  1 AS one FROM "users" WHERE "users"."username" = $1 LIMIT $2[0m  [["username", "Marianna"], ["LIMIT", 1]]
  [1m[35mSQL (0.4ms)[0m  [1m[32mINSERT INTO "users" ("username", "created_at", "updated_at") VALUES ($1, $2, $3) RETURNING "id"[0m  [["username", "Marianna"], ["created_at", "2019-01-25 00:44:43.517508"], ["updated_at", "2019-01-25 00:44:43.517508"]]
  [1m[36mUser Exists (0.4ms)[0m  [1m[34mSELECT  1 AS one FROM "users" WHERE "users"."username" = $1 LIMIT $2[0m  [["username", "I'm User 1"], ["LIMIT", 1]]
  [1m[35mSQL (0.4ms)[0m  [1m[32mINSERT INTO "users" ("username", "created_at", "updated_at") VALUES ($1, $2, $3) RETURNING "id"[0m  [["username", "I'm User 1"], ["created_at", "2019-01-25 00:44:43.519787"], ["updated_at", "2019-01-25 00:44:43.519787"]]
  [1m[36mPoll Load (0.7ms)[0m  [1m[34mSELECT "polls".* FROM "polls"[0m
  [1m[35mSQL (0.5ms)[0m  [1m[31mDELETE FROM "polls" WHERE "polls"."id" = $1[0m  [["id", 1]]
  [1m[36mUser Load (0.3ms)[0m  [1m[34mSELECT  "users".* FROM "users" WHERE "users"."id" = $1 LIMIT $2[0m  [["id", 5], ["LIMIT", 1]]
  [1m[35mSQL (0.5ms)[0m  [1m[32mINSERT INTO "polls" ("title", "user_id", "created_at", "updated_at") VALUES ($1, $2, $3, $4) RETURNING "id"[0m  [["title", " title1"], ["user_id", 5], ["created_at", "2019-01-25 00:44:43.583422"], ["updated_at", "2019-01-25 00:44:43.583422"]]
  [1m[36mUser Load (0.3ms)[0m  [1m[34mSELECT  "users".* FROM "users" WHERE "users"."id" = $1 LIMIT $2[0m  [["id", 6], ["LIMIT", 1]]
  [1m[35mSQL (0.4ms)[0m  [1m[32mINSERT INTO "polls" ("title", "user_id", "created_at", "updated_at") VALUES ($1, $2, $3, $4) RETURNING "id"[0m  [["title", " What's good?"], ["user_id", 6], ["created_at", "2019-01-25 00:44:43.586130"], ["updated_at", "2019-01-25 00:44:43.586130"]]
  [1m[36mUser Load (0.4ms)[0m  [1m[34mSELECT  "users".* FROM "users" WHERE "users"."id" = $1 LIMIT $2[0m  [["id", 7], ["LIMIT", 1]]
  [1m[35mSQL (0.5ms)[0m  [1m[32mINSERT INTO "polls" ("title", "user_id", "created_at", "updated_at") VALUES ($1, $2, $3, $4) RETURNING "id"[0m  [["title", "Mmmm???"], ["user_id", 7], ["created_at", "2019-01-25 00:44:43.588793"], ["updated_at", "2019-01-25 00:44:43.588793"]]
  [1m[36mQuestion Load (0.9ms)[0m  [1m[34mSELECT "questions".* FROM "questions"[0m
  [1m[35mSQL (0.6ms)[0m  [1m[31mDELETE FROM "questions" WHERE "questions"."id" = $1[0m  [["id", 1]]
  [1m[36mPoll Load (0.3ms)[0m  [1m[34mSELECT  "polls".* FROM "polls" WHERE "polls"."id" = $1 LIMIT $2[0m  [["id", 4], ["LIMIT", 1]]
  [1m[35mSQL (11.1ms)[0m  [1m[32mINSERT INTO "questions" ("text", "poll_id", "created_at", "updated_at") VALUES ($1, $2, $3, $4) RETURNING "id"[0m  [["text", "I dunno.."], ["poll_id", 4], ["created_at", "2019-01-25 00:44:43.622525"], ["updated_at", "2019-01-25 00:44:43.622525"]]
  [1m[36mPoll Load (0.5ms)[0m  [1m[34mSELECT  "polls".* FROM "polls" WHERE "polls"."id" = $1 LIMIT $2[0m  [["id", 5], ["LIMIT", 1]]
  [1m[35mSQL (0.5ms)[0m  [1m[32mINSERT INTO "questions" ("text", "poll_id", "created_at", "updated_at") VALUES ($1, $2, $3, $4) RETURNING "id"[0m  [["text", "Why??"], ["poll_id", 5], ["created_at", "2019-01-25 00:44:43.636534"], ["updated_at", "2019-01-25 00:44:43.636534"]]
  [1m[36mPoll Load (0.3ms)[0m  [1m[34mSELECT  "polls".* FROM "polls" WHERE "polls"."id" = $1 LIMIT $2[0m  [["id", 5], ["LIMIT", 1]]
  [1m[35mSQL (0.4ms)[0m  [1m[32mINSERT INTO "questions" ("text", "poll_id", "created_at", "updated_at") VALUES ($1, $2, $3, $4) RETURNING "id"[0m  [["text", "Why not??"], ["poll_id", 5], ["created_at", "2019-01-25 00:44:43.639248"], ["updated_at", "2019-01-25 00:44:43.639248"]]
  [1m[36mAnswerChoice Load (0.8ms)[0m  [1m[34mSELECT "answer_choices".* FROM "answer_choices"[0m
  [1m[35mSQL (0.5ms)[0m  [1m[31mDELETE FROM "answer_choices" WHERE "answer_choices"."id" = $1[0m  [["id", 1]]
  [1m[36mQuestion Load (0.3ms)[0m  [1m[34mSELECT  "questions".* FROM "questions" WHERE "questions"."id" = $1 LIMIT $2[0m  [["id", 2], ["LIMIT", 1]]
  [1m[35mSQL (0.5ms)[0m  [1m[32mINSERT INTO "answer_choices" ("text", "question_id", "created_at", "updated_at") VALUES ($1, $2, $3, $4) RETURNING "id"[0m  [["text", "A"], ["question_id", 2], ["created_at", "2019-01-25 00:44:43.659429"], ["updated_at", "2019-01-25 00:44:43.659429"]]
  [1m[36mQuestion Load (0.3ms)[0m  [1m[34mSELECT  "questions".* FROM "questions" WHERE "questions"."id" = $1 LIMIT $2[0m  [["id", 2], ["LIMIT", 1]]
  [1m[35mSQL (0.4ms)[0m  [1m[32mINSERT INTO "answer_choices" ("text", "question_id", "created_at", "updated_at") VALUES ($1, $2, $3, $4) RETURNING "id"[0m  [["text", "AB"], ["question_id", 2], ["created_at", "2019-01-25 00:44:43.662051"], ["updated_at", "2019-01-25 00:44:43.662051"]]
  [1m[36mQuestion Load (0.6ms)[0m  [1m[34mSELECT  "questions".* FROM "questions" WHERE "questions"."id" = $1 LIMIT $2[0m  [["id", 3], ["LIMIT", 1]]
  [1m[35mSQL (0.4ms)[0m  [1m[32mINSERT INTO "answer_choices" ("text", "question_id", "created_at", "updated_at") VALUES ($1, $2, $3, $4) RETURNING "id"[0m  [["text", "All"], ["question_id", 3], ["created_at", "2019-01-25 00:44:43.665007"], ["updated_at", "2019-01-25 00:44:43.665007"]]
  [1m[36mQuestion Load (0.3ms)[0m  [1m[34mSELECT  "questions".* FROM "questions" WHERE "questions"."id" = $1 LIMIT $2[0m  [["id", 4], ["LIMIT", 1]]
  [1m[35mSQL (0.4ms)[0m  [1m[32mINSERT INTO "answer_choices" ("text", "question_id", "created_at", "updated_at") VALUES ($1, $2, $3, $4) RETURNING "id"[0m  [["text", "No"], ["question_id", 4], ["created_at", "2019-01-25 00:44:43.667557"], ["updated_at", "2019-01-25 00:44:43.667557"]]
  [1m[36mResponse Load (0.8ms)[0m  [1m[34mSELECT "responses".* FROM "responses"[0m
  [1m[35mSQL (0.6ms)[0m  [1m[31mDELETE FROM "responses" WHERE "responses"."id" = $1[0m  [["id", 1]]
  [1m[36mUser Load (0.4ms)[0m  [1m[34mSELECT  "users".* FROM "users" WHERE "users"."id" = $1 LIMIT $2[0m  [["id", 5], ["LIMIT", 1]]
  [1m[36mAnswerChoice Load (0.4ms)[0m  [1m[34mSELECT  "answer_choices".* FROM "answer_choices" WHERE "answer_choices"."id" = $1 LIMIT $2[0m  [["id", 2], ["LIMIT", 1]]
  [1m[35mSQL (0.5ms)[0m  [1m[32mINSERT INTO "responses" ("user_id", "answer_choice_id", "created_at", "updated_at") VALUES ($1, $2, $3, $4) RETURNING "id"[0m  [["user_id", 5], ["answer_choice_id", 2], ["created_at", "2019-01-25 00:44:43.688934"], ["updated_at", "2019-01-25 00:44:43.688934"]]
  [1m[36mUser Load (0.3ms)[0m  [1m[34mSELECT  "users".* FROM "users" WHERE "users"."id" = $1 LIMIT $2[0m  [["id", 6], ["LIMIT", 1]]
  [1m[36mAnswerChoice Load (0.3ms)[0m  [1m[34mSELECT  "answer_choices".* FROM "answer_choices" WHERE "answer_choices"."id" = $1 LIMIT $2[0m  [["id", 2], ["LIMIT", 1]]
  [1m[35mSQL (0.4ms)[0m  [1m[32mINSERT INTO "responses" ("user_id", "answer_choice_id", "created_at", "updated_at") VALUES ($1, $2, $3, $4) RETURNING "id"[0m  [["user_id", 6], ["answer_choice_id", 2], ["created_at", "2019-01-25 00:44:43.692547"], ["updated_at", "2019-01-25 00:44:43.692547"]]
  [1m[36mUser Load (0.3ms)[0m  [1m[34mSELECT  "users".* FROM "users" WHERE "users"."id" = $1 LIMIT $2[0m  [["id", 7], ["LIMIT", 1]]
  [1m[36mAnswerChoice Load (0.4ms)[0m  [1m[34mSELECT  "answer_choices".* FROM "answer_choices" WHERE "answer_choices"."id" = $1 LIMIT $2[0m  [["id", 3], ["LIMIT", 1]]
  [1m[35mSQL (0.6ms)[0m  [1m[32mINSERT INTO "responses" ("user_id", "answer_choice_id", "created_at", "updated_at") VALUES ($1, $2, $3, $4) RETURNING "id"[0m  [["user_id", 7], ["answer_choice_id", 3], ["created_at", "2019-01-25 00:44:43.696182"], ["updated_at", "2019-01-25 00:44:43.696182"]]
  [1m[36mUser Load (0.3ms)[0m  [1m[34mSELECT  "users".* FROM "users" WHERE "users"."id" = $1 LIMIT $2[0m  [["id", 7], ["LIMIT", 1]]
  [1m[36mAnswerChoice Load (0.3ms)[0m  [1m[34mSELECT  "answer_choices".* FROM "answer_choices" WHERE "answer_choices"."id" = $1 LIMIT $2[0m  [["id", 4], ["LIMIT", 1]]
  [1m[35mSQL (0.5ms)[0m  [1m[32mINSERT INTO "responses" ("user_id", "answer_choice_id", "created_at", "updated_at") VALUES ($1, $2, $3, $4) RETURNING "id"[0m  [["user_id", 7], ["answer_choice_id", 4], ["created_at", "2019-01-25 00:44:43.700156"], ["updated_at", "2019-01-25 00:44:43.700156"]]
  [1m[35m (0.6ms)[0m  [1m[35mCOMMIT[0m
  [1m[36mResponse Load (1.0ms)[0m  [1m[34mSELECT "responses".* FROM "responses"[0m
  [1m[36mResponse Load (0.5ms)[0m  [1m[34mSELECT  "responses".* FROM "responses" ORDER BY "responses"."id" ASC LIMIT $1[0m  [["LIMIT", 1]]
  [1m[36mQuestion Load (19.4ms)[0m  [1m[34mSELECT  "questions".* FROM "questions" INNER JOIN "answer_choices" ON "questions"."id" = "answer_choices"."question_id" WHERE "answer_choices"."id" = $1 LIMIT $2[0m  [["id", 2], ["LIMIT", 1]]
  [1m[36mResponse Load (0.6ms)[0m  [1m[34mSELECT "responses".* FROM "responses" INNER JOIN "answer_choices" ON "responses"."answer_choice_id" = "answer_choices"."id" WHERE "answer_choices"."question_id" = $1 AND ("responses"."id" != $2)[0m  [["question_id", 2], ["id", 2]]
  [1m[36mResponse Exists (1.3ms)[0m  [1m[34mSELECT  1 AS one FROM "responses" INNER JOIN "answer_choices" ON "responses"."answer_choice_id" = "answer_choices"."id" WHERE "answer_choices"."question_id" = $1 AND ("responses"."id" != $2) AND "responses"."user_id" = $3 LIMIT $4[0m  [["question_id", 2], ["id", 2], ["user_id", 2], ["LIMIT", 1]]
  [1m[36mUser Load (0.8ms)[0m  [1m[34mSELECT "users".* FROM "users"[0m
  [1m[35m (0.3ms)[0m  [1m[35mBEGIN[0m
  [1m[36mUser Exists (1.2ms)[0m  [1m[34mSELECT  1 AS one FROM "users" WHERE "users"."username" = $1 LIMIT $2[0m  [["username", "ME"], ["LIMIT", 1]]
  [1m[35mSQL (1.7ms)[0m  [1m[32mINSERT INTO "users" ("username", "created_at", "updated_at") VALUES ($1, $2, $3) RETURNING "id"[0m  [["username", "ME"], ["created_at", "2019-01-25 01:26:08.353954"], ["updated_at", "2019-01-25 01:26:08.353954"]]
  [1m[35m (0.9ms)[0m  [1m[35mCOMMIT[0m
  [1m[36mUser Load (48.9ms)[0m  [1m[34mSELECT "users".* FROM "users" WHERE (username LIKE 'M%')[0m
  [1m[36mUser Exists (0.7ms)[0m  [1m[34mSELECT  1 AS one FROM "users" WHERE (username LIKE 'M%') AND "users"."username" = $1 LIMIT $2[0m  [["username", "ME"], ["LIMIT", 1]]
  [1m[36mUser Exists (0.6ms)[0m  [1m[34mSELECT  1 AS one FROM "users" WHERE (username LIKE 'M%') AND "users"."username" = $1 LIMIT $2[0m  [["username", "bananas"], ["LIMIT", 1]]
  [1m[36mResponse Load (0.4ms)[0m  [1m[34mSELECT  "responses".* FROM "responses" ORDER BY "responses"."id" ASC LIMIT $1[0m  [["LIMIT", 1]]
  [1m[36mQuestion Load (0.7ms)[0m  [1m[34mSELECT  "questions".* FROM "questions" INNER JOIN "answer_choices" ON "questions"."id" = "answer_choices"."question_id" WHERE "answer_choices"."id" = $1 LIMIT $2[0m  [["id", 2], ["LIMIT", 1]]
  [1m[36mResponse Exists (1.1ms)[0m  [1m[34mSELECT  1 AS one FROM "responses" INNER JOIN "answer_choices" ON "responses"."answer_choice_id" = "answer_choices"."id" WHERE "answer_choices"."question_id" = $1 AND ("responses"."id" != $2) AND "responses"."user_id" = $3 LIMIT $4[0m  [["question_id", 2], ["id", 2], ["user_id", 2], ["LIMIT", 1]]
  [1m[36mResponse Load (0.5ms)[0m  [1m[34mSELECT  "responses".* FROM "responses" ORDER BY "responses"."id" ASC LIMIT $1 OFFSET $2[0m  [["LIMIT", 1], ["OFFSET", 1]]
  [1m[36mQuestion Load (0.8ms)[0m  [1m[34mSELECT  "questions".* FROM "questions" INNER JOIN "answer_choices" ON "questions"."id" = "answer_choices"."question_id" WHERE "answer_choices"."id" = $1 LIMIT $2[0m  [["id", 2], ["LIMIT", 1]]
  [1m[36mResponse Exists (1.1ms)[0m  [1m[34mSELECT  1 AS one FROM "responses" INNER JOIN "answer_choices" ON "responses"."answer_choice_id" = "answer_choices"."id" WHERE "answer_choices"."question_id" = $1 AND ("responses"."id" != $2) AND "responses"."user_id" = $3 LIMIT $4[0m  [["question_id", 2], ["id", 3], ["user_id", 3], ["LIMIT", 1]]
  [1m[36mResponse Load (0.8ms)[0m  [1m[34mSELECT  "responses".* FROM "responses" ORDER BY "responses"."id" ASC LIMIT $1 OFFSET $2[0m  [["LIMIT", 1], ["OFFSET", 2]]
  [1m[36mQuestion Load (0.8ms)[0m  [1m[34mSELECT  "questions".* FROM "questions" INNER JOIN "answer_choices" ON "questions"."id" = "answer_choices"."question_id" WHERE "answer_choices"."id" = $1 LIMIT $2[0m  [["id", 3], ["LIMIT", 1]]
  [1m[36mResponse Exists (1.4ms)[0m  [1m[34mSELECT  1 AS one FROM "responses" INNER JOIN "answer_choices" ON "responses"."answer_choice_id" = "answer_choices"."id" WHERE "answer_choices"."question_id" = $1 AND ("responses"."id" != $2) AND "responses"."user_id" = $3 LIMIT $4[0m  [["question_id", 2], ["id", 4], ["user_id", 4], ["LIMIT", 1]]
  [1m[35m (0.3ms)[0m  [1m[35mBEGIN[0m
  [1m[36mUser Load (0.6ms)[0m  [1m[34mSELECT  "users".* FROM "users" WHERE "users"."id" = $1 LIMIT $2[0m  [["id", 7], ["LIMIT", 1]]
  [1m[36mAnswerChoice Load (0.4ms)[0m  [1m[34mSELECT  "answer_choices".* FROM "answer_choices" WHERE "answer_choices"."id" = $1 LIMIT $2[0m  [["id", 3], ["LIMIT", 1]]
  [1m[35mSQL (1.7ms)[0m  [1m[32mINSERT INTO "responses" ("user_id", "answer_choice_id", "created_at", "updated_at") VALUES ($1, $2, $3, $4) RETURNING "id"[0m  [["user_id", 7], ["answer_choice_id", 3], ["created_at", "2019-01-25 01:30:57.699586"], ["updated_at", "2019-01-25 01:30:57.699586"]]
  [1m[35m (0.6ms)[0m  [1m[35mCOMMIT[0m
  [1m[36mResponse Load (0.5ms)[0m  [1m[34mSELECT  "responses".* FROM "responses" ORDER BY "responses"."id" DESC LIMIT $1[0m  [["LIMIT", 1]]
  [1m[36mQuestion Load (0.9ms)[0m  [1m[34mSELECT  "questions".* FROM "questions" INNER JOIN "answer_choices" ON "questions"."id" = "answer_choices"."question_id" WHERE "answer_choices"."id" = $1 LIMIT $2[0m  [["id", 3], ["LIMIT", 1]]
  [1m[36mResponse Exists (1.0ms)[0m  [1m[34mSELECT  1 AS one FROM "responses" INNER JOIN "answer_choices" ON "responses"."answer_choice_id" = "answer_choices"."id" WHERE "answer_choices"."question_id" = $1 AND ("responses"."id" != $2) AND "responses"."user_id" = $3 LIMIT $4[0m  [["question_id", 2], ["id", 6], ["user_id", 6], ["LIMIT", 1]]
